<?xml version="1.0" encoding="UTF-8"?>
<!-- Generated by org.testng.reporters.JUnitXMLReporter -->
<testsuite ignored="0" hostname="DESKTOP-HJH8T1G" failures="0" tests="5" name="NegitiveUsernameTest" time="59.628" errors="0" timestamp="2022-03-10T16:10:48 IST">
  <testcase classname="com.herokuapp.theinternet.NegitiveLoginTest" name="negitiveLoginTests" time="11.838"/>
  <testcase classname="com.herokuapp.theinternet.NegitiveLoginTest" name="negitiveLoginTests" time="5.512"/>
  <testcase classname="com.herokuapp.theinternet.NegitiveLoginTest" name="negitiveLoginTests" time="8.691"/>
  <testcase classname="com.herokuapp.theinternet.NegitiveLoginTest" name="negitiveLoginTests" time="9.818"/>
  <testcase classname="com.herokuapp.theinternet.NegitiveLoginTest" name="negitiveLoginTests" time="5.712"/>
</testsuite> <!-- NegitiveUsernameTest -->
