# JRE version: Java(TM) SE Runtime Environment 18.9 (11.0.12+8) (build 11.0.12+8-LTS-237)
# Java VM: Java HotSpot(TM) 64-Bit Server VM 18.9 (11.0.12+8-LTS-237, mixed mode, tiered, compressed oops, g1 gc, windows-amd64)
Heap:
 garbage-first heap   total 131072K, used 72234K [0x0000000081c00000, 0x0000000100000000)
  region size 1024K, 51 young (52224K), 3 survivors (3072K)
 Metaspace       used 30318K, capacity 31170K, committed 31484K, reserved 1077248K
  class space    used 3486K, capacity 3838K, committed 3916K, reserved 1048576K
GC Heap History (8 events):
Event: 2.127 GC heap before
{Heap before GC invocations=0 (full 0):
 garbage-first heap   total 131072K, used 13312K [0x0000000081c00000, 0x0000000100000000)
  region size 1024K, 14 young (14336K), 0 survivors (0K)
 Metaspace       used 12451K, capacity 12700K, committed 12800K, reserved 1060864K
  class space    used 1202K, capacity 1254K, committed 1280K, reserved 1048576K
}
Event: 2.132 GC heap after
{Heap after GC invocations=1 (full 0):
 garbage-first heap   total 131072K, used 4218K [0x0000000081c00000, 0x0000000100000000)
  region size 1024K, 2 young (2048K), 2 survivors (2048K)
 Metaspace       used 12451K, capacity 12700K, committed 12800K, reserved 1060864K
  class space    used 1202K, capacity 1254K, committed 1280K, reserved 1048576K
}
Event: 2.532 GC heap before
{Heap before GC invocations=1 (full 0):
 garbage-first heap   total 131072K, used 10362K [0x0000000081c00000, 0x0000000100000000)
  region size 1024K, 8 young (8192K), 2 survivors (2048K)
 Metaspace       used 14748K, capacity 15109K, committed 15232K, reserved 1062912K
  class space    used 1478K, capacity 1593K, committed 1664K, reserved 1048576K
}
Event: 2.538 GC heap after
{Heap after GC invocations=2 (full 0):
 garbage-first heap   total 131072K, used 4513K [0x0000000081c00000, 0x0000000100000000)
  region size 1024K, 1 young (1024K), 1 survivors (1024K)
 Metaspace       used 14748K, capacity 15109K, committed 15232K, reserved 1062912K
  class space    used 1478K, capacity 1593K, committed 1664K, reserved 1048576K
}
Event: 3.166 GC heap before
{Heap before GC invocations=2 (full 0):
 garbage-first heap   total 131072K, used 29089K [0x0000000081c00000, 0x0000000100000000)
  region size 1024K, 25 young (25600K), 1 survivors (1024K)
 Metaspace       used 20416K, capacity 20826K, committed 21120K, reserved 1069056K
  class space    used 2178K, capacity 2348K, committed 2432K, reserved 1048576K
}
Event: 3.171 GC heap after
{Heap after GC invocations=3 (full 0):
 garbage-first heap   total 131072K, used 6168K [0x0000000081c00000, 0x0000000100000000)
  region size 1024K, 3 young (3072K), 3 survivors (3072K)
 Metaspace       used 20416K, capacity 20826K, committed 21120K, reserved 1069056K
  class space    used 2178K, capacity 2348K, committed 2432K, reserved 1048576K
}
Event: 3.215 GC heap before
{Heap before GC invocations=3 (full 0):
 garbage-first heap   total 131072K, used 8216K [0x0000000081c00000, 0x0000000100000000)
  region size 1024K, 6 young (6144K), 3 survivors (3072K)
 Metaspace       used 20777K, capacity 21184K, committed 21296K, reserved 1069056K
  class space    used 2207K, capacity 2381K, committed 2432K, reserved 1048576K
}
Event: 3.219 GC heap after
{Heap after GC invocations=4 (full 0):
 garbage-first heap   total 131072K, used 6698K [0x0000000081c00000, 0x0000000100000000)
  region size 1024K, 3 young (3072K), 3 survivors (3072K)
 Metaspace       used 20777K, capacity 21184K, committed 21296K, reserved 1069056K
  class space    used 2207K, capacity 2381K, committed 2432K, reserved 1048576K
}

