<?xml version="1.0" encoding="UTF-8"?>
<!-- Generated by org.testng.reporters.JUnitXMLReporter -->
<testsuite ignored="1" hostname="DESKTOP-HJH8T1G" failures="0" tests="1" name="NegitiveTest" time="28.595" errors="0" timestamp="2022-01-16T13:59:23 IST">
  <testcase classname="com.herokuapp.theinternet.NegitiveTest" name="lncorrectUserName" time="28.493"/>
  <testcase classname="com.herokuapp.theinternet.NegitiveTest" name="lncorrectPassword" time="0.0">
    <ignored/>
  </testcase> <!-- lncorrectPassword -->
</testsuite> <!-- NegitiveTest -->
