<?xml version="1.0" encoding="UTF-8"?>
<!-- Generated by org.testng.reporters.JUnitXMLReporter -->
<testsuite ignored="2" hostname="DESKTOP-HJH8T1G" failures="0" tests="1" name="NotVisibletest" time="27.541" errors="0" timestamp="2022-03-07T19:41:00 IST">
  <testcase classname="com.herokuapp.theinternet.ExceptionsTests" name="noSuchElementTests" time="12.116"/>
  <testcase classname="com.herokuapp.theinternet.ExceptionsTests" name="notvisibleTests" time="0.0">
    <ignored/>
  </testcase> <!-- notvisibleTests -->
  <testcase classname="com.herokuapp.theinternet.ExceptionsTests" name="timeOutException" time="0.0">
    <ignored/>
  </testcase> <!-- timeOutException -->
</testsuite> <!-- NotVisibletest -->
