<?xml version="1.0" encoding="UTF-8"?>
<!-- Generated by org.testng.reporters.JUnitXMLReporter -->
<testsuite ignored="0" hostname="DESKTOP-HJH8T1G" failures="0" tests="3" name="FileUploadTextTest" time="42.16" errors="0" timestamp="2022-03-10T10:55:11 IST">
  <testcase classname="com.herokuapp.theinternet.uploadtests.UploadTests" name="imageUploadTest" time="7.763"/>
  <testcase classname="com.herokuapp.theinternet.uploadtests.UploadTests" name="imageUploadTest" time="7.911"/>
  <testcase classname="com.herokuapp.theinternet.uploadtests.UploadTests" name="imageUploadTest" time="7.526"/>
</testsuite> <!-- FileUploadTextTest -->
