<?xml version="1.0" encoding="UTF-8"?>
<testsuite xmlns:xsi="http://www.w3.org/2001/XMLSchema-instance" xsi:noNamespaceSchemaLocation="https://maven.apache.org/surefire/maven-surefire-plugin/xsd/surefire-test-report-3.0.xsd" version="3.0" name="TestSuite" time="96.072" tests="3" errors="0" skipped="0" failures="0">
  <properties>
[...]
</properties>
  <testcase name="loginTest" classname="com.herokuapp.theinternet.PositiveTest" time="28.937">
    <system-out><![CDATA[starting login test
page is opened
]]></system-out>
    <system-err><![CDATA[SLF4J: Failed to load class "org.slf4j.impl.StaticLoggerBinder".
SLF4J: Defaulting to no-operation (NOP) logger implementation
SLF4J: See http://www.slf4j.org/codes.html#StaticLoggerBinder for further details.
Starting ChromeDriver 96.0.4664.45 (76e4c1bb2ab4671b8beba3444e61c0f17584b2fc-refs/branch-heads/4664@{#947}) on port 61983
Only local connections are allowed.
Please see https://chromedriver.chromium.org/security-considerations for suggestions on keeping ChromeDriver safe.
ChromeDriver was started successfully.
[1642070505.190][WARNING]: This version of ChromeDriver has not been tested with Chrome version 97.
Jan 13, 2022 4:11:45 PM org.openqa.selenium.remote.ProtocolHandshake createSession
INFO: Detected dialect: W3C
Jan 13, 2022 4:11:45 PM org.openqa.selenium.devtools.CdpVersionFinder findNearestMatch
WARNING: Unable to find an exact match for CDP version 97, so returning the closest version found: 96
Jan 13, 2022 4:11:45 PM org.openqa.selenium.devtools.CdpVersionFinder findNearestMatch
INFO: Found CDP implementation for version 97 of 96
]]></system-err>
  </testcase>
  <testcase name="lncorrectPassword" classname="com.herokuapp.theinternet.NegitiveTest" time="30.041">
    <system-out><![CDATA[starting login test
page is opened
]]></system-out>
    <system-err><![CDATA[Starting ChromeDriver 96.0.4664.45 (76e4c1bb2ab4671b8beba3444e61c0f17584b2fc-refs/branch-heads/4664@{#947}) on port 50460
Only local connections are allowed.
Please see https://chromedriver.chromium.org/security-considerations for suggestions on keeping ChromeDriver safe.
ChromeDriver was started successfully.
[1642070530.521][WARNING]: This version of ChromeDriver has not been tested with Chrome version 97.
Jan 13, 2022 4:12:10 PM org.openqa.selenium.remote.ProtocolHandshake createSession
INFO: Detected dialect: W3C
Jan 13, 2022 4:12:10 PM org.openqa.selenium.devtools.CdpVersionFinder findNearestMatch
WARNING: Unable to find an exact match for CDP version 97, so returning the closest version found: 96
Jan 13, 2022 4:12:10 PM org.openqa.selenium.devtools.CdpVersionFinder findNearestMatch
INFO: Found CDP implementation for version 97 of 96
]]></system-err>
  </testcase>
  <testcase name="lncorrectUserName" classname="com.herokuapp.theinternet.NegitiveTest" time="35.848">
    <system-out><![CDATA[incorrectusername test
page is opened
]]></system-out>
    <system-err><![CDATA[1642070559297	geckodriver	INFO	Listening on 127.0.0.1:61841
1642070559692	mozrunner::runner	INFO	Running command: "C:\\Program Files\\Mozilla Firefox\\firefox.exe" "--marionette" "--remote-debugging-port" "61380" "-no-remote" "-profile" "C:\\Users\\Rajashekar\\AppData\\Local\\Temp\\rust_mozprofile5kyXnc"
1642070560671	Marionette	INFO	Marionette enabled
console.warn: SearchSettings: "get: No settings file exists, new profile?" (new NotFoundError("Could not open the file at C:\\Users\\Rajashekar\\AppData\\Local\\Temp\\rust_mozprofile5kyXnc\\search.json.mozlz4", (void 0)))
DevTools listening on ws://localhost:61380/devtools/browser/dda777c6-2037-4056-8c42-ef94256f04cc
1642070566646	Marionette	INFO	Listening on port 50542
1642070567284	RemoteAgent	WARN	TLS certificate errors will be ignored for this session
Jan 13, 2022 4:12:47 PM org.openqa.selenium.remote.ProtocolHandshake createSession
INFO: Detected dialect: W3C
1642070593233	Marionette	INFO	Stopped listening on port 50542
]]></system-err>
  </testcase>
</testsuite>