<?xml version="1.0" encoding="UTF-8"?>
<testng-results ignored="0" total="3" passed="3" failed="0" skipped="0">
  <reporter-output>
  </reporter-output>
  <suite started-at="2022-01-13T16:11:40 IST" name="Suite1" finished-at="2022-01-13T16:13:14 IST" duration-ms="94732">
    <groups>
    </groups>
    <test started-at="2022-01-13T16:11:40 IST" name="PositiveTest" finished-at="2022-01-13T16:12:08 IST" duration-ms="28864">
      <class name="com.herokuapp.theinternet.PositiveTest">
        <test-method signature="loginTest()[pri:0, instance:com.herokuapp.theinternet.PositiveTest@10959ece]" started-at="2022-01-13T16:11:40 IST" name="loginTest" finished-at="2022-01-13T16:12:08 IST" duration-ms="28797" status="PASS">
          <reporter-output>
          </reporter-output>
        </test-method> <!-- loginTest -->
      </class> <!-- com.herokuapp.theinternet.PositiveTest -->
    </test> <!-- PositiveTest -->
    <test started-at="2022-01-13T16:12:08 IST" name="NegitiveTest" finished-at="2022-01-13T16:13:14 IST" duration-ms="65790">
      <class name="com.herokuapp.theinternet.NegitiveTest">
        <test-method signature="lncorrectPassword()[pri:0, instance:com.herokuapp.theinternet.NegitiveTest@73700b80]" started-at="2022-01-13T16:12:08 IST" name="lncorrectPassword" finished-at="2022-01-13T16:12:38 IST" duration-ms="29996" status="PASS">
          <reporter-output>
          </reporter-output>
        </test-method> <!-- lncorrectPassword -->
        <test-method signature="lncorrectUserName()[pri:0, instance:com.herokuapp.theinternet.NegitiveTest@73700b80]" started-at="2022-01-13T16:12:38 IST" name="lncorrectUserName" finished-at="2022-01-13T16:13:14 IST" duration-ms="35790" status="PASS">
          <reporter-output>
          </reporter-output>
        </test-method> <!-- lncorrectUserName -->
      </class> <!-- com.herokuapp.theinternet.NegitiveTest -->
    </test> <!-- NegitiveTest -->
  </suite> <!-- Suite1 -->
</testng-results>
