<?xml version="1.0" encoding="UTF-8"?>
<!-- Generated by org.testng.reporters.JUnitXMLReporter -->
<testsuite ignored="1" hostname="DESKTOP-HJH8T1G" failures="0" tests="1" name="NegitiveTest" time="26.889" errors="0" timestamp="2022-01-16T21:10:03 IST">
  <testcase classname="com.herokuapp.theinternet.NegitiveTest" name="lncorrectPassword" time="26.825"/>
  <testcase classname="com.herokuapp.theinternet.NegitiveTest" name="lncorrectUserName" time="0.0">
    <ignored/>
  </testcase> <!-- lncorrectUserName -->
</testsuite> <!-- NegitiveTest -->
