<?xml version="1.0" encoding="UTF-8"?>
<!-- Generated by org.testng.reporters.JUnitXMLReporter -->
<testsuite ignored="2" hostname="DESKTOP-HJH8T1G" failures="0" tests="1" name="NegitivePasswordTest" time="29.163" errors="0" timestamp="2022-02-20T15:23:10 IST">
  <testcase classname="com.herokuapp.theinternet.LoginTest" name="NegitiveLoginTest" time="18.392"/>
  <testcase classname="com.herokuapp.theinternet.LoginTest" name="PositiveLoginTest" time="0.0">
    <ignored/>
  </testcase> <!-- PositiveLoginTest -->
  <testcase classname="com.herokuapp.theinternet.LoginTest" name="relativeXpathTest" time="0.0">
    <ignored/>
  </testcase> <!-- relativeXpathTest -->
</testsuite> <!-- NegitivePasswordTest -->
