<?xml version="1.0" encoding="UTF-8"?>
<!-- Generated by org.testng.reporters.JUnitXMLReporter -->
<testsuite ignored="2" hostname="DESKTOP-HJH8T1G" failures="0" tests="1" name="PositiveTest" time="29.947" errors="0" timestamp="2022-02-20T15:23:11 IST">
  <testcase classname="com.herokuapp.theinternet.LoginTest" name="PositiveLoginTest" time="20.622"/>
  <testcase classname="com.herokuapp.theinternet.LoginTest" name="relativeXpathTest" time="0.0">
    <ignored/>
  </testcase> <!-- relativeXpathTest -->
  <testcase classname="com.herokuapp.theinternet.LoginTest" name="NegitiveLoginTest" time="0.0">
    <ignored/>
  </testcase> <!-- NegitiveLoginTest -->
</testsuite> <!-- PositiveTest -->
