<?xml version="1.0" encoding="UTF-8"?>
<!-- Generated by org.testng.reporters.JUnitXMLReporter -->
<testsuite ignored="2" hostname="DESKTOP-HJH8T1G" failures="0" tests="1" name="RelativeXpath" time="23.154" errors="0" timestamp="2022-03-03T13:14:43 IST">
  <testcase classname="com.herokuapp.theinternet.LoginTest" name="relativeXpathTest" time="15.922"/>
  <testcase classname="com.herokuapp.theinternet.LoginTest" name="PositiveLoginTest" time="0.0">
    <ignored/>
  </testcase> <!-- PositiveLoginTest -->
  <testcase classname="com.herokuapp.theinternet.LoginTest" name="NegitiveLoginTest" time="0.0">
    <ignored/>
  </testcase> <!-- NegitiveLoginTest -->
</testsuite> <!-- RelativeXpath -->
