<?xml version="1.0" encoding="UTF-8"?>
<!-- Generated by org.testng.reporters.JUnitXMLReporter -->
<testsuite ignored="0" hostname="DESKTOP-HJH8T1G" failures="0" tests="3" name="AlertTest" time="48.372" errors="0" timestamp="2022-03-17T17:17:56 IST">
  <testcase classname="com.herokuapp.theinternet.Alertboxes.AlertsTest" name="jsAlertTest" time="7.471"/>
  <testcase classname="com.herokuapp.theinternet.Alertboxes.AlertsTest" name="jsDismissTest" time="10.403"/>
  <testcase classname="com.herokuapp.theinternet.Alertboxes.AlertsTest" name="jsPromptTest" time="14.14"/>
</testsuite> <!-- AlertTest -->
